2023-09-27 17:08:05.255  INFO 10404 --- [restartedMain] edu.cta.academy.MsalumnosTApplication    : Starting MsalumnosTApplication using Java 17.0.8.1 on Aula515 with PID 10404 (C:\Users\CTA\SpringBootCourse\msalumnos_t\target\classes started by CTA in C:\Users\CTA\SpringBootCourse\msalumnos_t)
2023-09-27 17:08:05.261 DEBUG 10404 --- [restartedMain] edu.cta.academy.MsalumnosTApplication    : Running with Spring Boot v2.7.15, Spring v5.3.29
2023-09-27 17:08:05.262  INFO 10404 --- [restartedMain] edu.cta.academy.MsalumnosTApplication    : No active profile set, falling back to 1 default profile: "default"
2023-09-27 17:08:05.413  INFO 10404 --- [restartedMain] .e.DevToolsPropertyDefaultsPostProcessor : Devtools property defaults active! Set 'spring.devtools.add-properties' to 'false' to disable
2023-09-27 17:08:05.414  INFO 10404 --- [restartedMain] .e.DevToolsPropertyDefaultsPostProcessor : For additional web related logging consider setting the 'logging.level.web' property to 'DEBUG'
2023-09-27 17:08:06.388  INFO 10404 --- [restartedMain] .s.d.r.c.RepositoryConfigurationDelegate : Bootstrapping Spring Data JPA repositories in DEFAULT mode.
2023-09-27 17:08:06.443  INFO 10404 --- [restartedMain] .s.d.r.c.RepositoryConfigurationDelegate : Finished Spring Data repository scanning in 44 ms. Found 1 JPA repository interfaces.
2023-09-27 17:08:07.069  INFO 10404 --- [restartedMain] o.s.b.w.embedded.tomcat.TomcatWebServer  : Tomcat initialized with port(s): 8081 (http)
2023-09-27 17:08:07.081  INFO 10404 --- [restartedMain] o.apache.catalina.core.StandardService   : Starting service [Tomcat]
2023-09-27 17:08:07.081  INFO 10404 --- [restartedMain] org.apache.catalina.core.StandardEngine  : Starting Servlet engine: [Apache Tomcat/9.0.79]
2023-09-27 17:08:07.173  INFO 10404 --- [restartedMain] o.a.c.c.C.[Tomcat].[localhost].[/]       : Initializing Spring embedded WebApplicationContext
2023-09-27 17:08:07.174  INFO 10404 --- [restartedMain] w.s.c.ServletWebServerApplicationContext : Root WebApplicationContext: initialization completed in 1759 ms
2023-09-27 17:08:07.331  INFO 10404 --- [restartedMain] o.hibernate.jpa.internal.util.LogHelper  : HHH000204: Processing PersistenceUnitInfo [name: default]
2023-09-27 17:08:07.403  INFO 10404 --- [restartedMain] org.hibernate.Version                    : HHH000412: Hibernate ORM core version 5.6.15.Final
2023-09-27 17:08:07.590  INFO 10404 --- [restartedMain] o.hibernate.annotations.common.Version   : HCANN000001: Hibernate Commons Annotations {5.1.2.Final}
2023-09-27 17:08:07.710  INFO 10404 --- [restartedMain] com.zaxxer.hikari.HikariDataSource       : HikariPool-1 - Starting...
2023-09-27 17:08:08.039  INFO 10404 --- [restartedMain] com.zaxxer.hikari.HikariDataSource       : HikariPool-1 - Start completed.
2023-09-27 17:08:08.059  INFO 10404 --- [restartedMain] org.hibernate.dialect.Dialect            : HHH000400: Using dialect: org.hibernate.dialect.MySQL8Dialect
2023-09-27 17:08:08.754  INFO 10404 --- [restartedMain] o.h.e.t.j.p.i.JtaPlatformInitiator       : HHH000490: Using JtaPlatform implementation: [org.hibernate.engine.transaction.jta.platform.internal.NoJtaPlatform]
2023-09-27 17:08:08.764  INFO 10404 --- [restartedMain] j.LocalContainerEntityManagerFactoryBean : Initialized JPA EntityManagerFactory for persistence unit 'default'
2023-09-27 17:08:09.330  WARN 10404 --- [restartedMain] JpaBaseConfiguration$JpaWebConfiguration : spring.jpa.open-in-view is enabled by default. Therefore, database queries may be performed during view rendering. Explicitly configure spring.jpa.open-in-view to disable this warning
2023-09-27 17:08:09.479  INFO 10404 --- [restartedMain] o.s.b.a.w.s.WelcomePageHandlerMapping    : Adding welcome page: class path resource [static/index.html]
2023-09-27 17:08:09.706  INFO 10404 --- [restartedMain] o.s.b.d.a.OptionalLiveReloadServer       : LiveReload server is running on port 35729
2023-09-27 17:08:09.753  INFO 10404 --- [restartedMain] o.s.b.w.embedded.tomcat.TomcatWebServer  : Tomcat started on port(s): 8081 (http) with context path ''
2023-09-27 17:08:09.764  INFO 10404 --- [restartedMain] edu.cta.academy.MsalumnosTApplication    : Started MsalumnosTApplication in 5.149 seconds (JVM running for 6.001)
2023-09-27 17:10:43.989  INFO 10404 --- [http-nio-8081-exec-1] o.a.c.c.C.[Tomcat].[localhost].[/]       : Initializing Spring DispatcherServlet 'dispatcherServlet'
2023-09-27 17:10:43.989  INFO 10404 --- [http-nio-8081-exec-1] o.s.web.servlet.DispatcherServlet        : Initializing Servlet 'dispatcherServlet'
2023-09-27 17:10:43.990  INFO 10404 --- [http-nio-8081-exec-1] o.s.web.servlet.DispatcherServlet        : Completed initialization in 1 ms
2023-09-27 17:40:20.284  WARN 10404 --- [http-nio-8081-exec-6] .m.m.a.ExceptionHandlerExceptionResolver : Resolved [org.springframework.web.method.annotation.MethodArgumentTypeMismatchException: Failed to convert value of type 'java.lang.String' to required type 'long'; nested exception is java.lang.NumberFormatException: For input string: "chiquitoindex.html"]
2023-09-27 17:57:21.669  INFO 10404 --- [File Watcher] rtingClassPathChangeChangedEventListener : Restarting due to 1 class path change (0 additions, 0 deletions, 1 modification)
2023-09-27 17:57:21.686  INFO 10404 --- [Thread-5] o.apache.catalina.core.StandardService   : Stopping service [Tomcat]
2023-09-27 17:57:21.688  INFO 10404 --- [Thread-5] o.a.c.c.C.[Tomcat].[localhost].[/]       : Destroying Spring FrameworkServlet 'dispatcherServlet'
2023-09-27 17:57:21.696  INFO 10404 --- [Thread-5] j.LocalContainerEntityManagerFactoryBean : Closing JPA EntityManagerFactory for persistence unit 'default'
2023-09-27 17:57:21.700  INFO 10404 --- [Thread-5] com.zaxxer.hikari.HikariDataSource       : HikariPool-1 - Shutdown initiated...
2023-09-27 17:57:21.706  INFO 10404 --- [Thread-5] com.zaxxer.hikari.HikariDataSource       : HikariPool-1 - Shutdown completed.
2023-09-27 17:57:21.794  INFO 10404 --- [restartedMain] edu.cta.academy.MsalumnosTApplication    : Starting MsalumnosTApplication using Java 17.0.8.1 on Aula515 with PID 10404 (C:\Users\CTA\SpringBootCourse\msalumnos_t\target\classes started by CTA in C:\Users\CTA\SpringBootCourse\msalumnos_t)
2023-09-27 17:57:21.795 DEBUG 10404 --- [restartedMain] edu.cta.academy.MsalumnosTApplication    : Running with Spring Boot v2.7.15, Spring v5.3.29
2023-09-27 17:57:21.795  INFO 10404 --- [restartedMain] edu.cta.academy.MsalumnosTApplication    : No active profile set, falling back to 1 default profile: "default"
2023-09-27 17:57:22.063  INFO 10404 --- [restartedMain] .s.d.r.c.RepositoryConfigurationDelegate : Bootstrapping Spring Data JPA repositories in DEFAULT mode.
2023-09-27 17:57:22.073  INFO 10404 --- [restartedMain] .s.d.r.c.RepositoryConfigurationDelegate : Finished Spring Data repository scanning in 9 ms. Found 1 JPA repository interfaces.
2023-09-27 17:57:22.186  INFO 10404 --- [restartedMain] o.s.b.w.embedded.tomcat.TomcatWebServer  : Tomcat initialized with port(s): 8081 (http)
2023-09-27 17:57:22.187  INFO 10404 --- [restartedMain] o.apache.catalina.core.StandardService   : Starting service [Tomcat]
2023-09-27 17:57:22.187  INFO 10404 --- [restartedMain] org.apache.catalina.core.StandardEngine  : Starting Servlet engine: [Apache Tomcat/9.0.79]
2023-09-27 17:57:22.208  INFO 10404 --- [restartedMain] o.a.c.c.C.[Tomcat].[localhost].[/]       : Initializing Spring embedded WebApplicationContext
2023-09-27 17:57:22.208  INFO 10404 --- [restartedMain] w.s.c.ServletWebServerApplicationContext : Root WebApplicationContext: initialization completed in 411 ms
2023-09-27 17:57:22.242  INFO 10404 --- [restartedMain] o.hibernate.jpa.internal.util.LogHelper  : HHH000204: Processing PersistenceUnitInfo [name: default]
2023-09-27 17:57:22.247  INFO 10404 --- [restartedMain] com.zaxxer.hikari.HikariDataSource       : HikariPool-2 - Starting...
2023-09-27 17:57:22.260  INFO 10404 --- [restartedMain] com.zaxxer.hikari.HikariDataSource       : HikariPool-2 - Start completed.
2023-09-27 17:57:22.260  INFO 10404 --- [restartedMain] org.hibernate.dialect.Dialect            : HHH000400: Using dialect: org.hibernate.dialect.MySQL8Dialect
2023-09-27 17:57:22.298  INFO 10404 --- [restartedMain] o.h.e.t.j.p.i.JtaPlatformInitiator       : HHH000490: Using JtaPlatform implementation: [org.hibernate.engine.transaction.jta.platform.internal.NoJtaPlatform]
2023-09-27 17:57:22.299  INFO 10404 --- [restartedMain] j.LocalContainerEntityManagerFactoryBean : Initialized JPA EntityManagerFactory for persistence unit 'default'
2023-09-27 17:57:22.403  WARN 10404 --- [restartedMain] JpaBaseConfiguration$JpaWebConfiguration : spring.jpa.open-in-view is enabled by default. Therefore, database queries may be performed during view rendering. Explicitly configure spring.jpa.open-in-view to disable this warning
2023-09-27 17:57:22.460  INFO 10404 --- [restartedMain] o.s.b.a.w.s.WelcomePageHandlerMapping    : Adding welcome page: class path resource [static/index.html]
2023-09-27 17:57:22.542  INFO 10404 --- [restartedMain] o.s.b.d.a.OptionalLiveReloadServer       : LiveReload server is running on port 35729
2023-09-27 17:57:22.566  INFO 10404 --- [restartedMain] o.s.b.w.embedded.tomcat.TomcatWebServer  : Tomcat started on port(s): 8081 (http) with context path ''
2023-09-27 17:57:22.572  INFO 10404 --- [restartedMain] edu.cta.academy.MsalumnosTApplication    : Started MsalumnosTApplication in 0.816 seconds (JVM running for 2958.661)
2023-09-27 17:57:22.574  INFO 10404 --- [restartedMain] .ConditionEvaluationDeltaLoggingListener : Condition evaluation unchanged
2023-09-27 17:57:25.121  INFO 10404 --- [http-nio-8081-exec-1] o.a.c.c.C.[Tomcat].[localhost].[/]       : Initializing Spring DispatcherServlet 'dispatcherServlet'
2023-09-27 17:57:25.122  INFO 10404 --- [http-nio-8081-exec-1] o.s.web.servlet.DispatcherServlet        : Initializing Servlet 'dispatcherServlet'
2023-09-27 17:57:25.123  INFO 10404 --- [http-nio-8081-exec-1] o.s.web.servlet.DispatcherServlet        : Completed initialization in 1 ms
2023-09-27 18:04:36.557  INFO 10404 --- [File Watcher] rtingClassPathChangeChangedEventListener : Restarting due to 1 class path change (0 additions, 0 deletions, 1 modification)
2023-09-27 18:04:36.565  INFO 10404 --- [Thread-7] o.apache.catalina.core.StandardService   : Stopping service [Tomcat]
2023-09-27 18:04:36.565  INFO 10404 --- [Thread-7] o.a.c.c.C.[Tomcat].[localhost].[/]       : Destroying Spring FrameworkServlet 'dispatcherServlet'
2023-09-27 18:04:36.570  INFO 10404 --- [Thread-7] j.LocalContainerEntityManagerFactoryBean : Closing JPA EntityManagerFactory for persistence unit 'default'
2023-09-27 18:04:36.571  INFO 10404 --- [Thread-7] com.zaxxer.hikari.HikariDataSource       : HikariPool-2 - Shutdown initiated...
2023-09-27 18:04:36.575  INFO 10404 --- [Thread-7] com.zaxxer.hikari.HikariDataSource       : HikariPool-2 - Shutdown completed.
2023-09-27 18:04:36.685  INFO 10404 --- [restartedMain] edu.cta.academy.MsalumnosTApplication    : Starting MsalumnosTApplication using Java 17.0.8.1 on Aula515 with PID 10404 (C:\Users\CTA\SpringBootCourse\msalumnos_t\target\classes started by CTA in C:\Users\CTA\SpringBootCourse\msalumnos_t)
2023-09-27 18:04:36.685 DEBUG 10404 --- [restartedMain] edu.cta.academy.MsalumnosTApplication    : Running with Spring Boot v2.7.15, Spring v5.3.29
2023-09-27 18:04:36.685  INFO 10404 --- [restartedMain] edu.cta.academy.MsalumnosTApplication    : No active profile set, falling back to 1 default profile: "default"
2023-09-27 18:04:36.890  INFO 10404 --- [restartedMain] .s.d.r.c.RepositoryConfigurationDelegate : Bootstrapping Spring Data JPA repositories in DEFAULT mode.
2023-09-27 18:04:36.901  INFO 10404 --- [restartedMain] .s.d.r.c.RepositoryConfigurationDelegate : Finished Spring Data repository scanning in 10 ms. Found 1 JPA repository interfaces.
2023-09-27 18:04:36.984  INFO 10404 --- [restartedMain] o.s.b.w.embedded.tomcat.TomcatWebServer  : Tomcat initialized with port(s): 8081 (http)
2023-09-27 18:04:36.985  INFO 10404 --- [restartedMain] o.apache.catalina.core.StandardService   : Starting service [Tomcat]
2023-09-27 18:04:36.985  INFO 10404 --- [restartedMain] org.apache.catalina.core.StandardEngine  : Starting Servlet engine: [Apache Tomcat/9.0.79]
2023-09-27 18:04:37.006  INFO 10404 --- [restartedMain] o.a.c.c.C.[Tomcat].[localhost].[/]       : Initializing Spring embedded WebApplicationContext
2023-09-27 18:04:37.007  INFO 10404 --- [restartedMain] w.s.c.ServletWebServerApplicationContext : Root WebApplicationContext: initialization completed in 320 ms
2023-09-27 18:04:37.044  INFO 10404 --- [restartedMain] o.hibernate.jpa.internal.util.LogHelper  : HHH000204: Processing PersistenceUnitInfo [name: default]
2023-09-27 18:04:37.050  INFO 10404 --- [restartedMain] com.zaxxer.hikari.HikariDataSource       : HikariPool-3 - Starting...
2023-09-27 18:04:37.062  INFO 10404 --- [restartedMain] com.zaxxer.hikari.HikariDataSource       : HikariPool-3 - Start completed.
2023-09-27 18:04:37.062  INFO 10404 --- [restartedMain] org.hibernate.dialect.Dialect            : HHH000400: Using dialect: org.hibernate.dialect.MySQL8Dialect
2023-09-27 18:04:37.101  INFO 10404 --- [restartedMain] o.h.e.t.j.p.i.JtaPlatformInitiator       : HHH000490: Using JtaPlatform implementation: [org.hibernate.engine.transaction.jta.platform.internal.NoJtaPlatform]
2023-09-27 18:04:37.101  INFO 10404 --- [restartedMain] j.LocalContainerEntityManagerFactoryBean : Initialized JPA EntityManagerFactory for persistence unit 'default'
2023-09-27 18:04:37.215  WARN 10404 --- [restartedMain] JpaBaseConfiguration$JpaWebConfiguration : spring.jpa.open-in-view is enabled by default. Therefore, database queries may be performed during view rendering. Explicitly configure spring.jpa.open-in-view to disable this warning
2023-09-27 18:04:37.262  INFO 10404 --- [restartedMain] o.s.b.a.w.s.WelcomePageHandlerMapping    : Adding welcome page: class path resource [static/index.html]
2023-09-27 18:04:37.328  INFO 10404 --- [restartedMain] o.s.b.d.a.OptionalLiveReloadServer       : LiveReload server is running on port 35729
2023-09-27 18:04:37.345  INFO 10404 --- [restartedMain] o.s.b.w.embedded.tomcat.TomcatWebServer  : Tomcat started on port(s): 8081 (http) with context path ''
2023-09-27 18:04:37.353  INFO 10404 --- [restartedMain] edu.cta.academy.MsalumnosTApplication    : Started MsalumnosTApplication in 0.707 seconds (JVM running for 3393.424)
2023-09-27 18:04:37.355  INFO 10404 --- [restartedMain] .ConditionEvaluationDeltaLoggingListener : Condition evaluation unchanged
2023-09-27 18:04:44.593  INFO 10404 --- [http-nio-8081-exec-1] o.a.c.c.C.[Tomcat].[localhost].[/]       : Initializing Spring DispatcherServlet 'dispatcherServlet'
2023-09-27 18:04:44.594  INFO 10404 --- [http-nio-8081-exec-1] o.s.web.servlet.DispatcherServlet        : Initializing Servlet 'dispatcherServlet'
2023-09-27 18:04:44.596  INFO 10404 --- [http-nio-8081-exec-1] o.s.web.servlet.DispatcherServlet        : Completed initialization in 1 ms
2023-09-27 18:06:03.159  INFO 10404 --- [RMI TCP Connection(75)-127.0.0.1] inMXBeanRegistrar$SpringApplicationAdmin : Application shutdown requested.
2023-09-27 18:06:03.166  INFO 10404 --- [RMI TCP Connection(75)-127.0.0.1] o.apache.catalina.core.StandardService   : Stopping service [Tomcat]
2023-09-27 18:06:03.167  INFO 10404 --- [RMI TCP Connection(75)-127.0.0.1] o.a.c.c.C.[Tomcat].[localhost].[/]       : Destroying Spring FrameworkServlet 'dispatcherServlet'
2023-09-27 18:06:03.172  INFO 10404 --- [RMI TCP Connection(75)-127.0.0.1] j.LocalContainerEntityManagerFactoryBean : Closing JPA EntityManagerFactory for persistence unit 'default'
2023-09-27 18:06:03.173  INFO 10404 --- [RMI TCP Connection(75)-127.0.0.1] com.zaxxer.hikari.HikariDataSource       : HikariPool-3 - Shutdown initiated...
2023-09-27 18:06:03.176  INFO 10404 --- [RMI TCP Connection(75)-127.0.0.1] com.zaxxer.hikari.HikariDataSource       : HikariPool-3 - Shutdown completed.
2023-09-27 18:06:05.970  INFO 1128 --- [restartedMain] edu.cta.academy.MsalumnosTApplication    : Starting MsalumnosTApplication using Java 17.0.8.1 on Aula515 with PID 1128 (C:\Users\CTA\SpringBootCourse\msalumnos_t\target\classes started by CTA in C:\Users\CTA\SpringBootCourse\msalumnos_t)
2023-09-27 18:06:05.971 DEBUG 1128 --- [restartedMain] edu.cta.academy.MsalumnosTApplication    : Running with Spring Boot v2.7.15, Spring v5.3.29
2023-09-27 18:06:05.972  INFO 1128 --- [restartedMain] edu.cta.academy.MsalumnosTApplication    : No active profile set, falling back to 1 default profile: "default"
2023-09-27 18:06:06.032  INFO 1128 --- [restartedMain] .e.DevToolsPropertyDefaultsPostProcessor : Devtools property defaults active! Set 'spring.devtools.add-properties' to 'false' to disable
2023-09-27 18:06:06.033  INFO 1128 --- [restartedMain] .e.DevToolsPropertyDefaultsPostProcessor : For additional web related logging consider setting the 'logging.level.web' property to 'DEBUG'
2023-09-27 18:06:06.756  INFO 1128 --- [restartedMain] .s.d.r.c.RepositoryConfigurationDelegate : Bootstrapping Spring Data JPA repositories in DEFAULT mode.
2023-09-27 18:06:06.808  INFO 1128 --- [restartedMain] .s.d.r.c.RepositoryConfigurationDelegate : Finished Spring Data repository scanning in 42 ms. Found 1 JPA repository interfaces.
2023-09-27 18:06:07.447  INFO 1128 --- [restartedMain] o.s.b.w.embedded.tomcat.TomcatWebServer  : Tomcat initialized with port(s): 8081 (http)
2023-09-27 18:06:07.458  INFO 1128 --- [restartedMain] o.apache.catalina.core.StandardService   : Starting service [Tomcat]
2023-09-27 18:06:07.458  INFO 1128 --- [restartedMain] org.apache.catalina.core.StandardEngine  : Starting Servlet engine: [Apache Tomcat/9.0.79]
2023-09-27 18:06:07.556  INFO 1128 --- [restartedMain] o.a.c.c.C.[Tomcat].[localhost].[/]       : Initializing Spring embedded WebApplicationContext
2023-09-27 18:06:07.556  INFO 1128 --- [restartedMain] w.s.c.ServletWebServerApplicationContext : Root WebApplicationContext: initialization completed in 1522 ms
2023-09-27 18:06:07.705  INFO 1128 --- [restartedMain] o.hibernate.jpa.internal.util.LogHelper  : HHH000204: Processing PersistenceUnitInfo [name: default]
2023-09-27 18:06:07.762  INFO 1128 --- [restartedMain] org.hibernate.Version                    : HHH000412: Hibernate ORM core version 5.6.15.Final
2023-09-27 18:06:07.929  INFO 1128 --- [restartedMain] o.hibernate.annotations.common.Version   : HCANN000001: Hibernate Commons Annotations {5.1.2.Final}
2023-09-27 18:06:08.032  INFO 1128 --- [restartedMain] com.zaxxer.hikari.HikariDataSource       : HikariPool-1 - Starting...
2023-09-27 18:06:08.385  INFO 1128 --- [restartedMain] com.zaxxer.hikari.HikariDataSource       : HikariPool-1 - Start completed.
2023-09-27 18:06:08.403  INFO 1128 --- [restartedMain] org.hibernate.dialect.Dialect            : HHH000400: Using dialect: org.hibernate.dialect.MySQL8Dialect
2023-09-27 18:06:09.060  INFO 1128 --- [restartedMain] o.h.e.t.j.p.i.JtaPlatformInitiator       : HHH000490: Using JtaPlatform implementation: [org.hibernate.engine.transaction.jta.platform.internal.NoJtaPlatform]
2023-09-27 18:06:09.072  INFO 1128 --- [restartedMain] j.LocalContainerEntityManagerFactoryBean : Initialized JPA EntityManagerFactory for persistence unit 'default'
2023-09-27 18:06:09.641  WARN 1128 --- [restartedMain] JpaBaseConfiguration$JpaWebConfiguration : spring.jpa.open-in-view is enabled by default. Therefore, database queries may be performed during view rendering. Explicitly configure spring.jpa.open-in-view to disable this warning
2023-09-27 18:06:09.797  INFO 1128 --- [restartedMain] o.s.b.a.w.s.WelcomePageHandlerMapping    : Adding welcome page: class path resource [static/index.html]
2023-09-27 18:06:10.034  INFO 1128 --- [restartedMain] o.s.b.d.a.OptionalLiveReloadServer       : LiveReload server is running on port 35729
2023-09-27 18:06:10.079  INFO 1128 --- [restartedMain] o.s.b.w.embedded.tomcat.TomcatWebServer  : Tomcat started on port(s): 8081 (http) with context path ''
2023-09-27 18:06:10.091  INFO 1128 --- [restartedMain] edu.cta.academy.MsalumnosTApplication    : Started MsalumnosTApplication in 4.583 seconds (JVM running for 5.605)
2023-09-27 18:06:13.513  INFO 1128 --- [http-nio-8081-exec-2] o.a.c.c.C.[Tomcat].[localhost].[/]       : Initializing Spring DispatcherServlet 'dispatcherServlet'
2023-09-27 18:06:13.514  INFO 1128 --- [http-nio-8081-exec-2] o.s.web.servlet.DispatcherServlet        : Initializing Servlet 'dispatcherServlet'
2023-09-27 18:06:13.516  INFO 1128 --- [http-nio-8081-exec-2] o.s.web.servlet.DispatcherServlet        : Completed initialization in 2 ms
2023-09-27 18:06:28.749  INFO 1128 --- [File Watcher] rtingClassPathChangeChangedEventListener : Restarting due to 1 class path change (0 additions, 0 deletions, 1 modification)
2023-09-27 18:06:28.758  INFO 1128 --- [Thread-5] o.apache.catalina.core.StandardService   : Stopping service [Tomcat]
2023-09-27 18:06:28.759  INFO 1128 --- [Thread-5] o.a.c.c.C.[Tomcat].[localhost].[/]       : Destroying Spring FrameworkServlet 'dispatcherServlet'
2023-09-27 18:06:28.768  INFO 1128 --- [Thread-5] j.LocalContainerEntityManagerFactoryBean : Closing JPA EntityManagerFactory for persistence unit 'default'
2023-09-27 18:06:28.771  INFO 1128 --- [Thread-5] com.zaxxer.hikari.HikariDataSource       : HikariPool-1 - Shutdown initiated...
2023-09-27 18:06:28.779  INFO 1128 --- [Thread-5] com.zaxxer.hikari.HikariDataSource       : HikariPool-1 - Shutdown completed.
2023-09-27 18:06:28.928  INFO 1128 --- [restartedMain] edu.cta.academy.MsalumnosTApplication    : Starting MsalumnosTApplication using Java 17.0.8.1 on Aula515 with PID 1128 (C:\Users\CTA\SpringBootCourse\msalumnos_t\target\classes started by CTA in C:\Users\CTA\SpringBootCourse\msalumnos_t)
2023-09-27 18:06:28.928 DEBUG 1128 --- [restartedMain] edu.cta.academy.MsalumnosTApplication    : Running with Spring Boot v2.7.15, Spring v5.3.29
2023-09-27 18:06:28.928  INFO 1128 --- [restartedMain] edu.cta.academy.MsalumnosTApplication    : No active profile set, falling back to 1 default profile: "default"
2023-09-27 18:06:29.151  INFO 1128 --- [restartedMain] .s.d.r.c.RepositoryConfigurationDelegate : Bootstrapping Spring Data JPA repositories in DEFAULT mode.
2023-09-27 18:06:29.160  INFO 1128 --- [restartedMain] .s.d.r.c.RepositoryConfigurationDelegate : Finished Spring Data repository scanning in 8 ms. Found 1 JPA repository interfaces.
2023-09-27 18:06:29.250  INFO 1128 --- [restartedMain] o.s.b.w.embedded.tomcat.TomcatWebServer  : Tomcat initialized with port(s): 8081 (http)
2023-09-27 18:06:29.251  INFO 1128 --- [restartedMain] o.apache.catalina.core.StandardService   : Starting service [Tomcat]
2023-09-27 18:06:29.251  INFO 1128 --- [restartedMain] org.apache.catalina.core.StandardEngine  : Starting Servlet engine: [Apache Tomcat/9.0.79]
2023-09-27 18:06:29.272  INFO 1128 --- [restartedMain] o.a.c.c.C.[Tomcat].[localhost].[/]       : Initializing Spring embedded WebApplicationContext
2023-09-27 18:06:29.272  INFO 1128 --- [restartedMain] w.s.c.ServletWebServerApplicationContext : Root WebApplicationContext: initialization completed in 341 ms
2023-09-27 18:06:29.306  INFO 1128 --- [restartedMain] o.hibernate.jpa.internal.util.LogHelper  : HHH000204: Processing PersistenceUnitInfo [name: default]
2023-09-27 18:06:29.312  INFO 1128 --- [restartedMain] com.zaxxer.hikari.HikariDataSource       : HikariPool-2 - Starting...
2023-09-27 18:06:29.324  INFO 1128 --- [restartedMain] com.zaxxer.hikari.HikariDataSource       : HikariPool-2 - Start completed.
2023-09-27 18:06:29.325  INFO 1128 --- [restartedMain] org.hibernate.dialect.Dialect            : HHH000400: Using dialect: org.hibernate.dialect.MySQL8Dialect
2023-09-27 18:06:29.364  INFO 1128 --- [restartedMain] o.h.e.t.j.p.i.JtaPlatformInitiator       : HHH000490: Using JtaPlatform implementation: [org.hibernate.engine.transaction.jta.platform.internal.NoJtaPlatform]
2023-09-27 18:06:29.365  INFO 1128 --- [restartedMain] j.LocalContainerEntityManagerFactoryBean : Initialized JPA EntityManagerFactory for persistence unit 'default'
2023-09-27 18:06:29.481  WARN 1128 --- [restartedMain] JpaBaseConfiguration$JpaWebConfiguration : spring.jpa.open-in-view is enabled by default. Therefore, database queries may be performed during view rendering. Explicitly configure spring.jpa.open-in-view to disable this warning
2023-09-27 18:06:29.535  INFO 1128 --- [restartedMain] o.s.b.a.w.s.WelcomePageHandlerMapping    : Adding welcome page: class path resource [static/index.html]
2023-09-27 18:06:29.614  INFO 1128 --- [restartedMain] o.s.b.d.a.OptionalLiveReloadServer       : LiveReload server is running on port 35729
2023-09-27 18:06:29.629  INFO 1128 --- [restartedMain] o.s.b.w.embedded.tomcat.TomcatWebServer  : Tomcat started on port(s): 8081 (http) with context path ''
2023-09-27 18:06:29.637  INFO 1128 --- [restartedMain] edu.cta.academy.MsalumnosTApplication    : Started MsalumnosTApplication in 0.758 seconds (JVM running for 25.151)
2023-09-27 18:06:29.639  INFO 1128 --- [restartedMain] .ConditionEvaluationDeltaLoggingListener : Condition evaluation unchanged
2023-09-27 18:06:34.009  INFO 1128 --- [http-nio-8081-exec-2] o.a.c.c.C.[Tomcat].[localhost].[/]       : Initializing Spring DispatcherServlet 'dispatcherServlet'
2023-09-27 18:06:34.010  INFO 1128 --- [http-nio-8081-exec-2] o.s.web.servlet.DispatcherServlet        : Initializing Servlet 'dispatcherServlet'
2023-09-27 18:06:34.011  INFO 1128 --- [http-nio-8081-exec-2] o.s.web.servlet.DispatcherServlet        : Completed initialization in 1 ms
